<?xml version="1.0" encoding="UTF-8"?>
<TestRun id="1255d9b5-20e9-4b99-bcd6-6f68c45c0978" name="STRIKE@STRIKE-THINK 2012-06-14 21:59:38" runUser="STRIKE-THINK\STRIKE" xmlns="http://microsoft.com/schemas/VisualStudio/TeamTest/2010">
  <TestSettings name="本地" id="b0d1f914-73df-497a-86de-32ab188fa84f">
    <Description>这些设置为本地测试运行的默认测试设置。</Description>
    <Deployment enabled="false" runDeploymentRoot="STRIKE_STRIKE-THINK 2012-06-14 21_59_38">
      <DeploymentItem filename="D:\学习\大三下\敏捷软件开发\OnlineOfficeSystem\OfficeOnlineSystem\OfficeOnlineSystem\Lib\MbUnit\nunit.framework.dll" />
      <DeploymentItem filename="D:\学习\大三下\敏捷软件开发\OnlineOfficeSystem\OfficeOnlineSystem\OfficeOnlineSystem\Lib\MbUnit\Refly.dll" />
      <DeploymentItem filename="D:\学习\大三下\敏捷软件开发\OnlineOfficeSystem\OfficeOnlineSystem\OfficeOnlineSystem\Lib\MbUnit\MbUnit.AddIn.dll" />
      <DeploymentItem filename="D:\学习\大三下\敏捷软件开发\OnlineOfficeSystem\OfficeOnlineSystem\OfficeOnlineSystem\Lib\MbUnit\QuickGraph.Algorithms.dll" />
      <DeploymentItem filename="D:\学习\大三下\敏捷软件开发\OnlineOfficeSystem\OfficeOnlineSystem\OfficeOnlineSystem\Lib\MbUnit\MbUnit.Tasks.dll" />
      <DeploymentItem filename="D:\学习\大三下\敏捷软件开发\OnlineOfficeSystem\OfficeOnlineSystem\OfficeOnlineSystem\Lib\MbUnit\NGraphviz.Helpers.dll" />
      <DeploymentItem filename="D:\学习\大三下\敏捷软件开发\OnlineOfficeSystem\OfficeOnlineSystem\OfficeOnlineSystem\Lib\MbUnit\NGraphviz.dll" />
      <DeploymentItem filename="D:\学习\大三下\敏捷软件开发\OnlineOfficeSystem\OfficeOnlineSystem\OfficeOnlineSystem\DataTransfer\bin\Debug\DataTransfer.dll" />
      <DeploymentItem filename="D:\学习\大三下\敏捷软件开发\OnlineOfficeSystem\OfficeOnlineSystem\OfficeOnlineSystem\Lib\MbUnit\QuickGraph.Algorithms.Graphviz.dll" />
      <DeploymentItem filename="D:\学习\大三下\敏捷软件开发\OnlineOfficeSystem\OfficeOnlineSystem\OfficeOnlineSystem\Lib\NHibernate\Iesi.Collections.dll" />
      <DeploymentItem filename="D:\学习\大三下\敏捷软件开发\OnlineOfficeSystem\OfficeOnlineSystem\OfficeOnlineSystem\Lib\MbUnit\NAnt.Core.dll" />
      <DeploymentItem filename="D:\学习\大三下\敏捷软件开发\OnlineOfficeSystem\OfficeOnlineSystem\OfficeOnlineSystem\Lib\MbUnit\MbUnit.Framework.dll" />
      <DeploymentItem filename="D:\学习\大三下\敏捷软件开发\OnlineOfficeSystem\OfficeOnlineSystem\OfficeOnlineSystem\Lib\MbUnit\MbUnit.Framework.2.0.dll" />
      <DeploymentItem filename="D:\学习\大三下\敏捷软件开发\OnlineOfficeSystem\OfficeOnlineSystem\OfficeOnlineSystem\Lib\MbUnit\NGraphviz.Layout.dll" />
      <DeploymentItem filename="D:\学习\大三下\敏捷软件开发\OnlineOfficeSystem\OfficeOnlineSystem\OfficeOnlineSystem\Lib\MbUnit\QuickGraph.dll" />
      <DeploymentItem filename="D:\学习\大三下\敏捷软件开发\OnlineOfficeSystem\OfficeOnlineSystem\OfficeOnlineSystem\Lib\MbUnit\TestDriven.Framework.dll" />
      <DeploymentItem filename="D:\学习\大三下\敏捷软件开发\OnlineOfficeSystem\OfficeOnlineSystem\OfficeOnlineSystem\Lib\MbUnit\MbUnit.MSBuild.Tasks.dll" />
      <DeploymentItem filename="D:\学习\大三下\敏捷软件开发\OnlineOfficeSystem\OfficeOnlineSystem\OfficeOnlineSystem\Lib\MbUnit\TestFu.dll" />
      <DeploymentItem filename="D:\学习\大三下\敏捷软件开发\OnlineOfficeSystem\OfficeOnlineSystem\OfficeOnlineSystem\Lib\NHibernate\log4net.dll" />
      <DeploymentItem filename="D:\学习\大三下\敏捷软件开发\OnlineOfficeSystem\OfficeOnlineSystem\OfficeOnlineSystem\Lib\NHibernate\NHibernate.dll" />
      <DeploymentItem filename="D:\学习\大三下\敏捷软件开发\OnlineOfficeSystem\OfficeOnlineSystem\OfficeOnlineSystem\BLL\bin\Debug\BLL.dll" />
      <DeploymentItem filename="D:\学习\大三下\敏捷软件开发\OnlineOfficeSystem\OfficeOnlineSystem\OfficeOnlineSystem\Lib\NHibernate\Castle.DynamicProxy.dll" />
      <DeploymentItem filename="D:\学习\大三下\敏捷软件开发\OnlineOfficeSystem\OfficeOnlineSystem\OfficeOnlineSystem\DataAccessLayer\bin\Debug\DataAccessLayer.dll" />
    </Deployment>
    <Execution>
      <TestTypeSpecific />
      <AgentRule name="Execution Agents">
      </AgentRule>
    </Execution>
  </TestSettings>
  <Times creation="2012-06-14T21:59:38.1674901+08:00" queuing="2012-06-14T21:59:38.1774907+08:00" start="2012-06-14T21:59:38.1874913+08:00" finish="2012-06-14T21:59:38.9905372+08:00" />
  <ResultSummary outcome="Completed">
    <Counters total="1" executed="1" passed="1" error="0" failed="0" timeout="0" aborted="0" inconclusive="0" passedButRunAborted="0" notRunnable="0" notExecuted="0" disconnected="0" warning="0" completed="0" inProgress="0" pending="0" />
  </ResultSummary>
  <TestDefinitions>
    <UnitTest name="GetAllPFileTest" storage="d:\学习\大三下\敏捷软件开发\onlineofficesystem\officeonlinesystem\officeonlinesystem\testproject2\bin\debug\testproject2.dll" id="2d7c63fb-e21d-fb33-1e46-7f085a906db3">
      <Execution id="f9f8f99c-a758-43b9-961b-851076ac486d" />
      <TestMethod codeBase="D:/学习/大三下/敏捷软件开发/OnlineOfficeSystem/OfficeOnlineSystem/OfficeOnlineSystem/TestProject2/bin/Debug/TestProject2.DLL" adapterTypeName="Microsoft.VisualStudio.TestTools.TestTypes.Unit.UnitTestAdapter, Microsoft.VisualStudio.QualityTools.Tips.UnitTest.Adapter, Version=10.0.0.0, Culture=neutral, PublicKeyToken=b03f5f7f11d50a3a" className="OfficeOnlineSystemTest.FileBLL, TestProject2, Version=1.0.0.0, Culture=neutral, PublicKeyToken=null" name="GetAllPFileTest" />
    </UnitTest>
  </TestDefinitions>
  <TestLists>
    <TestList name="列表中未列出的结果" id="8c84fa94-04c1-424b-9868-57a2d4851a1d" />
    <TestList name="所有已加载的结果" id="19431567-8539-422a-85d7-44ee4e166bda" />
  </TestLists>
  <TestEntries>
    <TestEntry testId="2d7c63fb-e21d-fb33-1e46-7f085a906db3" executionId="f9f8f99c-a758-43b9-961b-851076ac486d" testListId="8c84fa94-04c1-424b-9868-57a2d4851a1d" />
  </TestEntries>
  <Results>
    <UnitTestResult executionId="f9f8f99c-a758-43b9-961b-851076ac486d" testId="2d7c63fb-e21d-fb33-1e46-7f085a906db3" testName="GetAllPFileTest" computerName="STRIKE-THINK" duration="00:00:00.5196050" startTime="2012-06-14T21:59:38.2034922+08:00" endTime="2012-06-14T21:59:38.9655358+08:00" testType="13cdc9d9-ddb5-4fa4-a97d-d965ccfc6d4b" outcome="Passed" testListId="8c84fa94-04c1-424b-9868-57a2d4851a1d" relativeResultsDirectory="f9f8f99c-a758-43b9-961b-851076ac486d">
    </UnitTestResult>
  </Results>
</TestRun>