<?xml version="1.0" encoding="UTF-8"?>
<TestRun id="19ebf172-a257-4870-9851-3aa947837b62" name="STRIKE@STRIKE-THINK 2012-05-29 13:19:51" runUser="STRIKE-THINK\STRIKE" xmlns="http://microsoft.com/schemas/VisualStudio/TeamTest/2010">
  <TestSettings name="本地" id="b0d1f914-73df-497a-86de-32ab188fa84f">
    <Description>这些设置为本地测试运行的默认测试设置。</Description>
    <Deployment enabled="false" runDeploymentRoot="STRIKE_STRIKE-THINK 2012-05-29 13_19_51">
      <DeploymentItem filename="D:\学习\大三下\敏捷软件开发\O\OfficeOnlineSystem\Lib\MbUnit\TestFu.dll" />
      <DeploymentItem filename="D:\学习\大三下\敏捷软件开发\O\OfficeOnlineSystem\DataAccessLayer\bin\Debug\DataAccessLayer.dll" />
      <DeploymentItem filename="D:\学习\大三下\敏捷软件开发\O\OfficeOnlineSystem\Lib\NHibernate\Castle.DynamicProxy.dll" />
      <DeploymentItem filename="D:\学习\大三下\敏捷软件开发\O\OfficeOnlineSystem\Lib\NHibernate\log4net.dll" />
      <DeploymentItem filename="D:\学习\大三下\敏捷软件开发\O\OfficeOnlineSystem\Lib\MbUnit\NGraphviz.dll" />
      <DeploymentItem filename="D:\学习\大三下\敏捷软件开发\O\OfficeOnlineSystem\Lib\MbUnit\MbUnit.MSBuild.Tasks.dll" />
      <DeploymentItem filename="D:\学习\大三下\敏捷软件开发\O\OfficeOnlineSystem\Lib\MbUnit\TestDriven.Framework.dll" />
      <DeploymentItem filename="D:\学习\大三下\敏捷软件开发\O\OfficeOnlineSystem\Lib\NHibernate\Iesi.Collections.dll" />
      <DeploymentItem filename="D:\学习\大三下\敏捷软件开发\O\OfficeOnlineSystem\Lib\MbUnit\QuickGraph.Algorithms.dll" />
      <DeploymentItem filename="D:\学习\大三下\敏捷软件开发\O\OfficeOnlineSystem\Lib\MbUnit\NGraphviz.Layout.dll" />
      <DeploymentItem filename="D:\学习\大三下\敏捷软件开发\O\OfficeOnlineSystem\Lib\MbUnit\MbUnit.Framework.2.0.dll" />
      <DeploymentItem filename="D:\学习\大三下\敏捷软件开发\O\OfficeOnlineSystem\Lib\MbUnit\QuickGraph.Algorithms.Graphviz.dll" />
      <DeploymentItem filename="D:\学习\大三下\敏捷软件开发\O\OfficeOnlineSystem\Lib\MbUnit\NGraphviz.Helpers.dll" />
      <DeploymentItem filename="D:\学习\大三下\敏捷软件开发\O\OfficeOnlineSystem\Lib\MbUnit\MbUnit.AddIn.dll" />
      <DeploymentItem filename="D:\学习\大三下\敏捷软件开发\O\OfficeOnlineSystem\Lib\MbUnit\NAnt.Core.dll" />
      <DeploymentItem filename="D:\学习\大三下\敏捷软件开发\O\OfficeOnlineSystem\Lib\NHibernate\NHibernate.dll" />
      <DeploymentItem filename="D:\学习\大三下\敏捷软件开发\O\OfficeOnlineSystem\Lib\MbUnit\MbUnit.Framework.dll" />
      <DeploymentItem filename="D:\学习\大三下\敏捷软件开发\O\OfficeOnlineSystem\Lib\MbUnit\Refly.dll" />
      <DeploymentItem filename="D:\学习\大三下\敏捷软件开发\O\OfficeOnlineSystem\Lib\MbUnit\nunit.framework.dll" />
      <DeploymentItem filename="D:\学习\大三下\敏捷软件开发\O\OfficeOnlineSystem\Lib\MbUnit\MbUnit.Tasks.dll" />
      <DeploymentItem filename="D:\学习\大三下\敏捷软件开发\O\OfficeOnlineSystem\Lib\MbUnit\QuickGraph.dll" />
      <DeploymentItem filename="D:\学习\大三下\敏捷软件开发\O\OfficeOnlineSystem\DataTransfer\bin\Debug\DataTransfer.dll" />
    </Deployment>
    <Execution>
      <TestTypeSpecific />
      <AgentRule name="Execution Agents">
      </AgentRule>
    </Execution>
  </TestSettings>
  <Times creation="2012-05-29T13:19:51.9751792+08:00" queuing="2012-05-29T13:19:51.9861798+08:00" start="2012-05-29T13:19:52.0061809+08:00" finish="2012-05-29T13:19:52.4122042+08:00" />
  <ResultSummary outcome="Error">
    <Counters total="1" executed="1" error="1" failed="0" timeout="0" aborted="0" inconclusive="0" passedButRunAborted="0" notRunnable="0" notExecuted="0" disconnected="0" warning="0" passed="0" completed="0" inProgress="0" pending="0" />
  </ResultSummary>
  <TestDefinitions>
    <UnitTest name="CreatePostFile" storage="d:\学习\大三下\敏捷软件开发\o\officeonlinesystem\testproject2\bin\debug\testproject2.dll" id="a45ac65b-0836-ca37-eb17-7dd4a82234fd">
      <Execution id="55532d73-0ee2-470e-b80d-56926b5fb723" />
      <TestMethod codeBase="D:/学习/大三下/敏捷软件开发/O/OfficeOnlineSystem/TestProject2/bin/Debug/TestProject2.DLL" adapterTypeName="Microsoft.VisualStudio.TestTools.TestTypes.Unit.UnitTestAdapter, Microsoft.VisualStudio.QualityTools.Tips.UnitTest.Adapter, Version=10.0.0.0, Culture=neutral, PublicKeyToken=b03f5f7f11d50a3a" className="OfficeOnlineSystemTest.NHibernateDataProviderTest, TestProject2, Version=1.0.0.0, Culture=neutral, PublicKeyToken=null" name="CreatePostFile" />
    </UnitTest>
  </TestDefinitions>
  <TestLists>
    <TestList name="列表中未列出的结果" id="8c84fa94-04c1-424b-9868-57a2d4851a1d" />
    <TestList name="所有已加载的结果" id="19431567-8539-422a-85d7-44ee4e166bda" />
  </TestLists>
  <TestEntries>
    <TestEntry testId="a45ac65b-0836-ca37-eb17-7dd4a82234fd" executionId="55532d73-0ee2-470e-b80d-56926b5fb723" testListId="8c84fa94-04c1-424b-9868-57a2d4851a1d" />
  </TestEntries>
  <Results>
    <UnitTestResult executionId="55532d73-0ee2-470e-b80d-56926b5fb723" testId="a45ac65b-0836-ca37-eb17-7dd4a82234fd" testName="CreatePostFile" computerName="STRIKE-THINK" startTime="2012-05-29T13:19:52.0151815+08:00" endTime="2012-05-29T13:19:52.3912030+08:00" testType="13cdc9d9-ddb5-4fa4-a97d-d965ccfc6d4b" testListId="8c84fa94-04c1-424b-9868-57a2d4851a1d" relativeResultsDirectory="55532d73-0ee2-470e-b80d-56926b5fb723">
      <Output>
        <ErrorInfo>
          <Message>单元测试适配器引发了异常: 
未解析成员“NHibernate.MappingException,NHibernate, Version=1.2.1.4000, Culture=neutral, PublicKeyToken=aa95f207798dfdb4”的类型。。</Message>
        </ErrorInfo>
      </Output>
    </UnitTestResult>
  </Results>
</TestRun>