<?xml version="1.0" encoding="UTF-8"?>
<TestRun id="9585d4a9-af03-4f7e-b3c0-e6ecd8803b43" name="STRIKE@STRIKE-THINK 2012-05-31 16:23:37" runUser="STRIKE-THINK\STRIKE" xmlns="http://microsoft.com/schemas/VisualStudio/TeamTest/2010">
  <TestSettings name="本地" id="b0d1f914-73df-497a-86de-32ab188fa84f">
    <Description>这些设置为本地测试运行的默认测试设置。</Description>
    <Deployment enabled="false" runDeploymentRoot="STRIKE_STRIKE-THINK 2012-05-31 16_23_37">
      <DeploymentItem filename="D:\学习\大三下\敏捷软件开发\O\OfficeOnlineSystem\Lib\MbUnit\TestFu.dll" />
      <DeploymentItem filename="D:\学习\大三下\敏捷软件开发\O\OfficeOnlineSystem\DataAccessLayer\bin\Debug\DataAccessLayer.dll" />
      <DeploymentItem filename="D:\学习\大三下\敏捷软件开发\O\OfficeOnlineSystem\Lib\NHibernate\Castle.DynamicProxy.dll" />
      <DeploymentItem filename="D:\学习\大三下\敏捷软件开发\O\OfficeOnlineSystem\Lib\NHibernate\log4net.dll" />
      <DeploymentItem filename="D:\学习\大三下\敏捷软件开发\O\OfficeOnlineSystem\Lib\MbUnit\NGraphviz.dll" />
      <DeploymentItem filename="D:\学习\大三下\敏捷软件开发\O\OfficeOnlineSystem\Lib\MbUnit\MbUnit.MSBuild.Tasks.dll" />
      <DeploymentItem filename="D:\学习\大三下\敏捷软件开发\O\OfficeOnlineSystem\Lib\MbUnit\TestDriven.Framework.dll" />
      <DeploymentItem filename="D:\学习\大三下\敏捷软件开发\O\OfficeOnlineSystem\Lib\NHibernate\Iesi.Collections.dll" />
      <DeploymentItem filename="D:\学习\大三下\敏捷软件开发\O\OfficeOnlineSystem\Lib\MbUnit\QuickGraph.Algorithms.dll" />
      <DeploymentItem filename="D:\学习\大三下\敏捷软件开发\O\OfficeOnlineSystem\Lib\MbUnit\NGraphviz.Layout.dll" />
      <DeploymentItem filename="D:\学习\大三下\敏捷软件开发\O\OfficeOnlineSystem\Lib\MbUnit\MbUnit.Framework.2.0.dll" />
      <DeploymentItem filename="D:\学习\大三下\敏捷软件开发\O\OfficeOnlineSystem\Lib\MbUnit\QuickGraph.Algorithms.Graphviz.dll" />
      <DeploymentItem filename="D:\学习\大三下\敏捷软件开发\O\OfficeOnlineSystem\Lib\MbUnit\NGraphviz.Helpers.dll" />
      <DeploymentItem filename="D:\学习\大三下\敏捷软件开发\O\OfficeOnlineSystem\Lib\MbUnit\MbUnit.AddIn.dll" />
      <DeploymentItem filename="D:\学习\大三下\敏捷软件开发\O\OfficeOnlineSystem\Lib\MbUnit\NAnt.Core.dll" />
      <DeploymentItem filename="D:\学习\大三下\敏捷软件开发\O\OfficeOnlineSystem\Lib\NHibernate\NHibernate.dll" />
      <DeploymentItem filename="D:\学习\大三下\敏捷软件开发\O\OfficeOnlineSystem\Lib\MbUnit\MbUnit.Framework.dll" />
      <DeploymentItem filename="D:\学习\大三下\敏捷软件开发\O\OfficeOnlineSystem\Lib\MbUnit\Refly.dll" />
      <DeploymentItem filename="D:\学习\大三下\敏捷软件开发\O\OfficeOnlineSystem\Lib\MbUnit\nunit.framework.dll" />
      <DeploymentItem filename="D:\学习\大三下\敏捷软件开发\O\OfficeOnlineSystem\Lib\MbUnit\MbUnit.Tasks.dll" />
      <DeploymentItem filename="D:\学习\大三下\敏捷软件开发\O\OfficeOnlineSystem\Lib\MbUnit\QuickGraph.dll" />
      <DeploymentItem filename="D:\学习\大三下\敏捷软件开发\O\OfficeOnlineSystem\DataTransfer\bin\Debug\DataTransfer.dll" />
    </Deployment>
    <Execution>
      <TestTypeSpecific />
      <AgentRule name="Execution Agents">
      </AgentRule>
    </Execution>
  </TestSettings>
  <Times creation="2012-05-31T16:23:37.2823657+08:00" queuing="2012-05-31T16:23:38.9384604+08:00" start="2012-05-31T16:23:39.0414663+08:00" finish="2012-05-31T16:23:40.9705766+08:00" />
  <ResultSummary outcome="Completed">
    <Counters total="1" executed="1" passed="1" error="0" failed="0" timeout="0" aborted="0" inconclusive="0" passedButRunAborted="0" notRunnable="0" notExecuted="0" disconnected="0" warning="0" completed="0" inProgress="0" pending="0" />
  </ResultSummary>
  <TestDefinitions>
    <UnitTest name="UpdateTreat_fileTest" storage="d:\学习\大三下\敏捷软件开发\o\officeonlinesystem\testproject2\bin\debug\testproject2.dll" id="52ebe2d3-6c77-455b-de5a-50d89364f496">
      <Execution id="71274d35-8dd8-4977-a0a2-3311405f464c" />
      <TestMethod codeBase="D:/学习/大三下/敏捷软件开发/O/OfficeOnlineSystem/TestProject2/bin/Debug/TestProject2.DLL" adapterTypeName="Microsoft.VisualStudio.TestTools.TestTypes.Unit.UnitTestAdapter, Microsoft.VisualStudio.QualityTools.Tips.UnitTest.Adapter, Version=10.0.0.0, Culture=neutral, PublicKeyToken=b03f5f7f11d50a3a" className="OfficeOnlineSystemTest.TreatFileQueryHql, TestProject2, Version=1.0.0.0, Culture=neutral, PublicKeyToken=null" name="UpdateTreat_fileTest" />
    </UnitTest>
  </TestDefinitions>
  <TestLists>
    <TestList name="列表中未列出的结果" id="8c84fa94-04c1-424b-9868-57a2d4851a1d" />
    <TestList name="所有已加载的结果" id="19431567-8539-422a-85d7-44ee4e166bda" />
  </TestLists>
  <TestEntries>
    <TestEntry testId="52ebe2d3-6c77-455b-de5a-50d89364f496" executionId="71274d35-8dd8-4977-a0a2-3311405f464c" testListId="8c84fa94-04c1-424b-9868-57a2d4851a1d" />
  </TestEntries>
  <Results>
    <UnitTestResult executionId="71274d35-8dd8-4977-a0a2-3311405f464c" testId="52ebe2d3-6c77-455b-de5a-50d89364f496" testName="UpdateTreat_fileTest" computerName="STRIKE-THINK" duration="00:00:00.9312552" startTime="2012-05-31T16:23:39.0794685+08:00" endTime="2012-05-31T16:23:40.8305686+08:00" testType="13cdc9d9-ddb5-4fa4-a97d-d965ccfc6d4b" outcome="Passed" testListId="8c84fa94-04c1-424b-9868-57a2d4851a1d" relativeResultsDirectory="71274d35-8dd8-4977-a0a2-3311405f464c">
    </UnitTestResult>
  </Results>
</TestRun>