<?xml version="1.0" encoding="UTF-8"?>
<TestRun id="61d62ca2-47b3-42a9-8cd4-849c5a874dc8" name="STRIKE@STRIKE-THINK 2012-06-14 22:07:09" runUser="STRIKE-THINK\STRIKE" xmlns="http://microsoft.com/schemas/VisualStudio/TeamTest/2010">
  <TestSettings name="本地" id="b0d1f914-73df-497a-86de-32ab188fa84f">
    <Description>这些设置为本地测试运行的默认测试设置。</Description>
    <Deployment enabled="false" runDeploymentRoot="STRIKE_STRIKE-THINK 2012-06-14 22_07_09">
      <DeploymentItem filename="D:\学习\大三下\敏捷软件开发\OnlineOfficeSystem\OfficeOnlineSystem\OfficeOnlineSystem\Lib\MbUnit\nunit.framework.dll" />
      <DeploymentItem filename="D:\学习\大三下\敏捷软件开发\OnlineOfficeSystem\OfficeOnlineSystem\OfficeOnlineSystem\Lib\MbUnit\Refly.dll" />
      <DeploymentItem filename="D:\学习\大三下\敏捷软件开发\OnlineOfficeSystem\OfficeOnlineSystem\OfficeOnlineSystem\Lib\MbUnit\MbUnit.AddIn.dll" />
      <DeploymentItem filename="D:\学习\大三下\敏捷软件开发\OnlineOfficeSystem\OfficeOnlineSystem\OfficeOnlineSystem\Lib\MbUnit\QuickGraph.Algorithms.dll" />
      <DeploymentItem filename="D:\学习\大三下\敏捷软件开发\OnlineOfficeSystem\OfficeOnlineSystem\OfficeOnlineSystem\Lib\MbUnit\MbUnit.Tasks.dll" />
      <DeploymentItem filename="D:\学习\大三下\敏捷软件开发\OnlineOfficeSystem\OfficeOnlineSystem\OfficeOnlineSystem\Lib\MbUnit\NGraphviz.Helpers.dll" />
      <DeploymentItem filename="D:\学习\大三下\敏捷软件开发\OnlineOfficeSystem\OfficeOnlineSystem\OfficeOnlineSystem\Lib\MbUnit\NGraphviz.dll" />
      <DeploymentItem filename="D:\学习\大三下\敏捷软件开发\OnlineOfficeSystem\OfficeOnlineSystem\OfficeOnlineSystem\DataTransfer\bin\Debug\DataTransfer.dll" />
      <DeploymentItem filename="D:\学习\大三下\敏捷软件开发\OnlineOfficeSystem\OfficeOnlineSystem\OfficeOnlineSystem\Lib\MbUnit\QuickGraph.Algorithms.Graphviz.dll" />
      <DeploymentItem filename="D:\学习\大三下\敏捷软件开发\OnlineOfficeSystem\OfficeOnlineSystem\OfficeOnlineSystem\Lib\NHibernate\Iesi.Collections.dll" />
      <DeploymentItem filename="D:\学习\大三下\敏捷软件开发\OnlineOfficeSystem\OfficeOnlineSystem\OfficeOnlineSystem\Lib\MbUnit\NAnt.Core.dll" />
      <DeploymentItem filename="D:\学习\大三下\敏捷软件开发\OnlineOfficeSystem\OfficeOnlineSystem\OfficeOnlineSystem\Lib\MbUnit\MbUnit.Framework.dll" />
      <DeploymentItem filename="D:\学习\大三下\敏捷软件开发\OnlineOfficeSystem\OfficeOnlineSystem\OfficeOnlineSystem\Lib\MbUnit\MbUnit.Framework.2.0.dll" />
      <DeploymentItem filename="D:\学习\大三下\敏捷软件开发\OnlineOfficeSystem\OfficeOnlineSystem\OfficeOnlineSystem\Lib\MbUnit\NGraphviz.Layout.dll" />
      <DeploymentItem filename="D:\学习\大三下\敏捷软件开发\OnlineOfficeSystem\OfficeOnlineSystem\OfficeOnlineSystem\Lib\MbUnit\QuickGraph.dll" />
      <DeploymentItem filename="D:\学习\大三下\敏捷软件开发\OnlineOfficeSystem\OfficeOnlineSystem\OfficeOnlineSystem\Lib\MbUnit\TestDriven.Framework.dll" />
      <DeploymentItem filename="D:\学习\大三下\敏捷软件开发\OnlineOfficeSystem\OfficeOnlineSystem\OfficeOnlineSystem\Lib\MbUnit\MbUnit.MSBuild.Tasks.dll" />
      <DeploymentItem filename="D:\学习\大三下\敏捷软件开发\OnlineOfficeSystem\OfficeOnlineSystem\OfficeOnlineSystem\Lib\MbUnit\TestFu.dll" />
      <DeploymentItem filename="D:\学习\大三下\敏捷软件开发\OnlineOfficeSystem\OfficeOnlineSystem\OfficeOnlineSystem\Lib\NHibernate\log4net.dll" />
      <DeploymentItem filename="D:\学习\大三下\敏捷软件开发\OnlineOfficeSystem\OfficeOnlineSystem\OfficeOnlineSystem\Lib\NHibernate\NHibernate.dll" />
      <DeploymentItem filename="D:\学习\大三下\敏捷软件开发\OnlineOfficeSystem\OfficeOnlineSystem\OfficeOnlineSystem\BLL\bin\Debug\BLL.dll" />
      <DeploymentItem filename="D:\学习\大三下\敏捷软件开发\OnlineOfficeSystem\OfficeOnlineSystem\OfficeOnlineSystem\Lib\NHibernate\Castle.DynamicProxy.dll" />
      <DeploymentItem filename="D:\学习\大三下\敏捷软件开发\OnlineOfficeSystem\OfficeOnlineSystem\OfficeOnlineSystem\DataAccessLayer\bin\Debug\DataAccessLayer.dll" />
    </Deployment>
    <Execution>
      <TestTypeSpecific />
      <AgentRule name="Execution Agents">
      </AgentRule>
    </Execution>
  </TestSettings>
  <Times creation="2012-06-14T22:07:09.8183231+08:00" queuing="2012-06-14T22:07:09.8693260+08:00" start="2012-06-14T22:07:09.8823267+08:00" finish="2012-06-14T22:07:10.7493763+08:00" />
  <ResultSummary outcome="Completed">
    <Counters total="1" executed="1" passed="1" error="0" failed="0" timeout="0" aborted="0" inconclusive="0" passedButRunAborted="0" notRunnable="0" notExecuted="0" disconnected="0" warning="0" completed="0" inProgress="0" pending="0" />
  </ResultSummary>
  <TestDefinitions>
    <UnitTest name="GetPFileByIdTest" storage="d:\学习\大三下\敏捷软件开发\onlineofficesystem\officeonlinesystem\officeonlinesystem\testproject2\bin\debug\testproject2.dll" id="66a6beb2-a990-d49c-7444-573e69830af5">
      <Execution id="3eef9c26-8de0-4137-8b54-532ae9baf99f" />
      <TestMethod codeBase="D:/学习/大三下/敏捷软件开发/OnlineOfficeSystem/OfficeOnlineSystem/OfficeOnlineSystem/TestProject2/bin/Debug/TestProject2.DLL" adapterTypeName="Microsoft.VisualStudio.TestTools.TestTypes.Unit.UnitTestAdapter, Microsoft.VisualStudio.QualityTools.Tips.UnitTest.Adapter, Version=10.0.0.0, Culture=neutral, PublicKeyToken=b03f5f7f11d50a3a" className="OfficeOnlineSystemTest.FileBLL, TestProject2, Version=1.0.0.0, Culture=neutral, PublicKeyToken=null" name="GetPFileByIdTest" />
    </UnitTest>
  </TestDefinitions>
  <TestLists>
    <TestList name="列表中未列出的结果" id="8c84fa94-04c1-424b-9868-57a2d4851a1d" />
    <TestList name="所有已加载的结果" id="19431567-8539-422a-85d7-44ee4e166bda" />
  </TestLists>
  <TestEntries>
    <TestEntry testId="66a6beb2-a990-d49c-7444-573e69830af5" executionId="3eef9c26-8de0-4137-8b54-532ae9baf99f" testListId="8c84fa94-04c1-424b-9868-57a2d4851a1d" />
  </TestEntries>
  <Results>
    <UnitTestResult executionId="3eef9c26-8de0-4137-8b54-532ae9baf99f" testId="66a6beb2-a990-d49c-7444-573e69830af5" testName="GetPFileByIdTest" computerName="STRIKE-THINK" duration="00:00:00.5599765" startTime="2012-06-14T22:07:09.8853269+08:00" endTime="2012-06-14T22:07:10.6933731+08:00" testType="13cdc9d9-ddb5-4fa4-a97d-d965ccfc6d4b" outcome="Passed" testListId="8c84fa94-04c1-424b-9868-57a2d4851a1d" relativeResultsDirectory="3eef9c26-8de0-4137-8b54-532ae9baf99f">
    </UnitTestResult>
  </Results>
</TestRun>